07/20/10 05:13:48 PM - Configuring build for final release...
07/20/10 05:13:48 PM - Building message catalogs...
07/20/10 05:13:48 PM - Building Windows install...  
07/20/10 05:13:48 PM - Building main.tcl...
07/20/10 05:13:48 PM - Refreshing file groups...
07/20/10 05:13:48 PM - Getting file list...
07/20/10 05:13:49 PM - File 'C:/GTDControlScripts' does not exist!
07/20/10 05:13:49 PM - Windows build completed with errors
07/20/10 05:13:49 PM - Build completed in 00m01s.
07/20/10 05:16:57 PM - Configuring build for final release...
07/20/10 05:16:57 PM - Building message catalogs...
07/20/10 05:16:57 PM - Building Windows install...  
07/20/10 05:16:57 PM - Building main.tcl...
07/20/10 05:16:57 PM - Refreshing file groups...
07/20/10 05:16:57 PM - Getting file list...
07/20/10 05:16:58 PM - Building file manifest...
07/20/10 05:16:59 PM - Saving install information...
07/20/10 05:17:00 PM - Building install...
07/20/10 05:17:01 PM - Building install executable...
07/20/10 05:17:06 PM - Windows build completed in 00m09s.
07/20/10 05:17:06 PM - Installer size is 8.40 MB.
07/20/10 05:17:06 PM - Build completed in 00m09s.
07/20/10 05:18:02 PM - Configuring build for final release...
07/20/10 05:18:02 PM - Building message catalogs...
07/20/10 05:18:02 PM - Building Windows install...  
07/20/10 05:18:02 PM - Building main.tcl...
07/20/10 05:18:02 PM - Refreshing file groups...
07/20/10 05:18:03 PM - Getting file list...
07/20/10 05:18:04 PM - Building file manifest...
07/20/10 05:18:04 PM - Saving install information...
07/20/10 05:18:05 PM - Building install...
07/20/10 05:18:06 PM - Building install executable...
07/20/10 05:18:11 PM - Windows build completed in 00m09s.
07/20/10 05:18:11 PM - Installer size is 8.40 MB.
07/20/10 05:18:11 PM - Build completed in 00m09s.
07/20/10 05:38:27 PM - Configuring build for final release...
07/20/10 05:38:29 PM - Building message catalogs...
07/20/10 05:38:29 PM - Building Windows install...  
07/20/10 05:38:29 PM - Building main.tcl...
07/20/10 05:38:29 PM - Refreshing file groups...
07/20/10 05:38:32 PM - Getting file list...
07/20/10 05:38:33 PM - Building file manifest...
07/20/10 05:38:33 PM - Saving install information...
07/20/10 05:38:38 PM - Building install...
07/20/10 05:38:40 PM - Building install executable...
07/20/10 05:38:53 PM - Windows build completed in 00m24s.
07/20/10 05:38:53 PM - Installer size is 8.40 MB.
07/20/10 05:38:53 PM - Build completed in 00m24s.
07/20/10 05:39:51 PM - Configuring build for final release...
07/20/10 05:39:51 PM - Building message catalogs...
07/20/10 05:39:51 PM - Building Windows install...  
07/20/10 05:39:51 PM - Building main.tcl...
07/20/10 05:39:51 PM - Refreshing file groups...
07/20/10 05:39:52 PM - Getting file list...
07/20/10 05:39:54 PM - Building file manifest...
07/20/10 05:39:54 PM - Saving install information...
07/20/10 05:39:55 PM - Building install...
07/20/10 05:39:56 PM - Building install executable...
07/20/10 05:40:04 PM - Windows build completed in 00m13s.
07/20/10 05:40:04 PM - Installer size is 8.20 MB.
07/20/10 05:40:04 PM - Build completed in 00m13s.
07/20/10 05:46:15 PM - Configuring build for final release...
07/20/10 05:46:15 PM - Building message catalogs...
07/20/10 05:46:15 PM - Building Windows install...  
07/20/10 05:46:15 PM - Building main.tcl...
07/20/10 05:46:15 PM - Refreshing file groups...
07/20/10 05:46:16 PM - Getting file list...
07/20/10 05:46:17 PM - File 'C:/GTDControlScripts/Mute.vbs' does not exist!
07/20/10 05:46:17 PM - File 'C:/GTDControlScripts/Next.vbs' does not exist!
07/20/10 05:46:17 PM - File 'C:/GTDControlScripts/PlayPause.vbs' does not exist!
07/20/10 05:46:17 PM - File 'C:/GTDControlScripts/Previous.vbs' does not exist!
07/20/10 05:46:17 PM - File 'C:/GTDControlScripts/StartScripts.vbs' does not exist!
07/20/10 05:46:17 PM - File 'C:/GTDControlScripts/Unmute.vbs' does not exist!
07/20/10 05:46:17 PM - File 'C:/GTDControlScripts/VolumeDown.vbs' does not exist!
07/20/10 05:46:17 PM - File 'C:/GTDControlScripts/VolumeUp.vbs' does not exist!
07/20/10 05:46:17 PM - Windows build completed with errors
07/20/10 05:46:17 PM - Build completed in 00m02s.
07/20/10 05:47:24 PM - Configuring build for final release...
07/20/10 05:47:24 PM - Building message catalogs...
07/20/10 05:47:24 PM - Building Windows install...  
07/20/10 05:47:24 PM - Building main.tcl...
07/20/10 05:47:24 PM - Refreshing file groups...
07/20/10 05:47:25 PM - Getting file list...
07/20/10 05:47:26 PM - Building file manifest...
07/20/10 05:47:26 PM - Saving install information...
07/20/10 05:47:28 PM - Building install...
07/20/10 05:47:28 PM - Building install executable...
07/20/10 05:47:33 PM - Windows build completed in 00m09s.
07/20/10 05:47:33 PM - Installer size is 8.21 MB.
07/20/10 05:47:33 PM - Build completed in 00m09s.
07/20/10 05:47:59 PM - Configuring build for final release...
07/20/10 05:47:59 PM - Building message catalogs...
07/20/10 05:47:59 PM - Building Windows install...  
07/20/10 05:47:59 PM - Building main.tcl...
07/20/10 05:47:59 PM - Refreshing file groups...
07/20/10 05:48:00 PM - Getting file list...
07/20/10 05:48:01 PM - Building file manifest...
07/20/10 05:48:01 PM - Saving install information...
07/20/10 05:48:03 PM - Building install...
07/20/10 05:48:04 PM - Building install executable...
07/20/10 05:48:09 PM - Windows build completed in 00m10s.
07/20/10 05:48:09 PM - Installer size is 8.40 MB.
07/20/10 05:48:09 PM - Build completed in 00m10s.
12/19/10 06:23:55 PM - Building message catalogs...
12/19/10 06:23:55 PM - Building Windows install...  
12/19/10 06:23:55 PM - Building main.tcl...
12/19/10 06:23:55 PM - Refreshing file groups...
12/19/10 06:23:55 PM - Getting file list...
12/19/10 06:23:56 PM - Building file manifest...
12/19/10 06:23:56 PM - Saving install information...
12/19/10 06:23:59 PM - Building install...
12/19/10 06:24:00 PM - Building install executable...
12/19/10 06:24:01 PM - Windows build completed in 00m06s.
12/19/10 06:24:01 PM - Installer size is 1.50 MB.
12/19/10 06:24:01 PM - Build completed in 00m06s.
12/19/10 06:29:20 PM - Building message catalogs...
12/19/10 06:29:20 PM - Building Windows install...  
12/19/10 06:29:20 PM - Building main.tcl...
12/19/10 06:29:20 PM - Refreshing file groups...
12/19/10 06:29:20 PM - Getting file list...
12/19/10 06:29:21 PM - Building file manifest...
12/19/10 06:29:21 PM - Saving install information...
12/19/10 06:29:22 PM - Building install...
12/19/10 06:29:22 PM - Building install executable...
12/19/10 06:29:22 PM - Windows build completed in 00m02s.
12/19/10 06:29:22 PM - Installer size is 1.50 MB.
12/19/10 06:29:22 PM - Build completed in 00m02s.
12/19/10 06:32:05 PM - Building message catalogs...
12/19/10 06:32:05 PM - Building Windows install...  
12/19/10 06:32:05 PM - Building main.tcl...
12/19/10 06:32:05 PM - Refreshing file groups...
12/19/10 06:32:05 PM - Getting file list...
12/19/10 06:32:06 PM - Building file manifest...
12/19/10 06:32:06 PM - Saving install information...
12/19/10 06:32:07 PM - Building install...
12/19/10 06:32:07 PM - Building install executable...
12/19/10 06:32:08 PM - Windows build completed in 00m03s.
12/19/10 06:32:08 PM - Installer size is 1.50 MB.
12/19/10 06:32:08 PM - Build completed in 00m03s.
12/19/10 06:39:33 PM - Building message catalogs...
12/19/10 06:39:33 PM - Building Windows install...  
12/19/10 06:39:33 PM - Building main.tcl...
12/19/10 06:39:33 PM - Refreshing file groups...
12/19/10 06:39:34 PM - Getting file list...
12/19/10 06:39:34 PM - File 'C:/GTDControlScripts' does not exist!
12/19/10 06:39:34 PM - Windows build completed with errors
12/19/10 06:39:34 PM - Build completed in 00m01s.
12/19/10 06:41:13 PM - Building message catalogs...
12/19/10 06:41:13 PM - Building Windows install...  
12/19/10 06:41:13 PM - Building main.tcl...
12/19/10 06:41:13 PM - Refreshing file groups...
12/19/10 06:41:13 PM - Getting file list...
12/19/10 06:41:13 PM - Building file manifest...
12/19/10 06:41:13 PM - Saving install information...
12/19/10 06:41:14 PM - Building install...
12/19/10 06:41:15 PM - Building install executable...
12/19/10 06:41:15 PM - Windows build completed in 00m02s.
12/19/10 06:41:15 PM - Installer size is 1.50 MB.
12/19/10 06:41:15 PM - Build completed in 00m02s.
12/19/10 06:44:05 PM - Configuring build for final release...
12/19/10 06:44:05 PM - Building message catalogs...
12/19/10 06:44:05 PM - Building Windows install...  
12/19/10 06:44:05 PM - Building main.tcl...
12/19/10 06:44:05 PM - Refreshing file groups...
12/19/10 06:44:06 PM - Getting file list...
12/19/10 06:44:06 PM - Building file manifest...
12/19/10 06:44:06 PM - Saving install information...
12/19/10 06:44:07 PM - Building install...
12/19/10 06:44:07 PM - Building install executable...
12/19/10 06:44:08 PM - Windows build completed in 00m03s.
12/19/10 06:44:08 PM - Installer size is 1.50 MB.
12/19/10 06:44:08 PM - Build completed in 00m03s.
12/19/10 06:45:18 PM - Configuring build for final release...
12/19/10 06:45:19 PM - Building message catalogs...
12/19/10 06:45:19 PM - Building Windows install...  
12/19/10 06:45:19 PM - Building main.tcl...
12/19/10 06:45:19 PM - Refreshing file groups...
12/19/10 06:45:19 PM - Getting file list...
12/19/10 06:45:19 PM - Building file manifest...
12/19/10 06:45:19 PM - Saving install information...
12/19/10 06:45:20 PM - Building install...
12/19/10 06:45:20 PM - Building install executable...
12/19/10 06:45:21 PM - Windows build completed in 00m02s.
12/19/10 06:45:21 PM - Installer size is 1.50 MB.
12/19/10 06:45:21 PM - Build completed in 00m03s.
12/19/10 06:48:54 PM - Configuring build for final release...
12/19/10 06:48:54 PM - Building message catalogs...
12/19/10 06:48:54 PM - Building Windows install...  
12/19/10 06:48:54 PM - Building main.tcl...
12/19/10 06:48:54 PM - Refreshing file groups...
12/19/10 06:48:54 PM - Getting file list...
12/19/10 06:48:54 PM - Building file manifest...
12/19/10 06:48:54 PM - Saving install information...
12/19/10 06:48:55 PM - Building install...
12/19/10 06:48:55 PM - Building install executable...
12/19/10 06:48:56 PM - Windows build completed in 00m02s.
12/19/10 06:48:56 PM - Installer size is 1.50 MB.
12/19/10 06:48:56 PM - Build completed in 00m02s.
12/19/10 07:03:42 PM - Configuring build for final release...
12/19/10 07:03:42 PM - Building message catalogs...
12/19/10 07:03:42 PM - Building Windows install...  
12/19/10 07:03:42 PM - Building main.tcl...
12/19/10 07:03:42 PM - Refreshing file groups...
12/19/10 07:03:42 PM - Getting file list...
12/19/10 07:03:43 PM - Building file manifest...
12/19/10 07:03:43 PM - Saving install information...
12/19/10 07:03:44 PM - Building install...
12/19/10 07:03:44 PM - Building install executable...
12/19/10 07:03:54 PM - Windows build completed in 00m12s.
12/19/10 07:03:54 PM - Installer size is 8.36 MB.
12/19/10 07:03:54 PM - Build completed in 00m12s.
12/19/10 07:09:27 PM - Configuring build for final release...
12/19/10 07:09:27 PM - Building message catalogs...
12/19/10 07:09:27 PM - Building Windows install...  
12/19/10 07:09:27 PM - Building main.tcl...
12/19/10 07:09:27 PM - Refreshing file groups...
12/19/10 07:09:27 PM - Getting file list...
12/19/10 07:09:28 PM - Building file manifest...
12/19/10 07:09:28 PM - Saving install information...
12/19/10 07:09:29 PM - Building install...
12/19/10 07:09:29 PM - Building install executable...
12/19/10 07:09:32 PM - Windows build completed in 00m05s.
12/19/10 07:09:32 PM - Installer size is 8.36 MB.
12/19/10 07:09:32 PM - Build completed in 00m05s.
12/19/10 07:11:27 PM - Configuring build for final release...
12/19/10 07:11:27 PM - Building message catalogs...
12/19/10 07:11:27 PM - Building Windows install...  
12/19/10 07:11:27 PM - Building main.tcl...
12/19/10 07:11:27 PM - Refreshing file groups...
12/19/10 07:11:27 PM - Getting file list...
12/19/10 07:11:28 PM - Building file manifest...
12/19/10 07:11:28 PM - Saving install information...
12/19/10 07:11:30 PM - Building install...
12/19/10 07:11:30 PM - Building install executable...
12/19/10 07:11:33 PM - Windows build completed in 00m06s.
12/19/10 07:11:33 PM - Installer size is 8.36 MB.
12/19/10 07:11:33 PM - Build completed in 00m06s.
12/19/10 07:13:23 PM - Configuring build for final release...
12/19/10 07:13:23 PM - Building message catalogs...
12/19/10 07:13:23 PM - Building Windows install...  
12/19/10 07:13:23 PM - Building main.tcl...
12/19/10 07:13:23 PM - Refreshing file groups...
12/19/10 07:13:24 PM - Getting file list...
12/19/10 07:13:24 PM - Building file manifest...
12/19/10 07:13:24 PM - Saving install information...
12/19/10 07:13:26 PM - Building install...
12/19/10 07:13:26 PM - Building install executable...
12/19/10 07:13:29 PM - Windows build completed in 00m06s.
12/19/10 07:13:29 PM - Installer size is 8.36 MB.
12/19/10 07:13:29 PM - Build completed in 00m06s.
