05/30/10 09:45:49 PM - Build completed in 00m55s.
00m55s.
05/30/10 09:46:46 PM - Build completed in 00m53s.
00m53s.
...
05/30/10 09:55:11 PM - Build completed in 00m49s.
00m48s.
...
05/30/10 10:08:25 PM - Build completed in 00m49s.
00m48s.
...
05/30/10 10:11:13 PM - Build completed in 00m46s.
00m46s.
...
05/30/10 10:16:30 PM - Build completed in 00m52s.
00m52s.
...
05/30/10 10:25:00 PM - Build completed in 01m00s.
00m59s.
...
07/20/10 04:22:08 PM - Configuring build for final release...
07/20/10 04:22:08 PM - Building message catalogs...
07/20/10 04:22:08 PM - Building Windows install...  
07/20/10 04:22:08 PM - Building main.tcl...
07/20/10 04:22:08 PM - Refreshing file groups...
07/20/10 04:22:09 PM - Getting file list...
07/20/10 04:22:10 PM - File 'C:/Documents and Settings/GTD/My Documents/My Dropbox/OSC/PACKAGES/SFX/SFX iPhone/SFX Control for iPhone/Greater Than Control/SFX Control foriPhone v.2/SFX Control Client for iPhone v.21/SFX Control iPhone v.21.touchosc' does not exist!
07/20/10 04:22:10 PM - Windows build completed with errors
07/20/10 04:22:10 PM - Build completed in 00m02s.
07/20/10 04:23:06 PM - Configuring build for final release...
07/20/10 04:23:06 PM - Building message catalogs...
07/20/10 04:23:07 PM - Building Windows install...  
07/20/10 04:23:07 PM - Building main.tcl...
07/20/10 04:23:07 PM - Refreshing file groups...
07/20/10 04:23:07 PM - Getting file list...
07/20/10 04:23:08 PM - Building file manifest...
07/20/10 04:23:08 PM - Saving install information...
07/20/10 04:23:09 PM - Building install...
07/20/10 04:23:10 PM - Building install executable...
07/20/10 04:23:17 PM - Windows build completed in 00m10s.
07/20/10 04:23:17 PM - Installer size is 8.20 MB.
07/20/10 04:23:17 PM - Build completed in 00m11s.
07/20/10 04:27:36 PM - Configuring build for final release...
07/20/10 04:27:36 PM - Building message catalogs...
07/20/10 04:27:36 PM - Building Windows install...  
07/20/10 04:27:36 PM - Building main.tcl...
07/20/10 04:27:36 PM - Refreshing file groups...
07/20/10 04:27:37 PM - Getting file list...
07/20/10 04:27:38 PM - Building file manifest...
07/20/10 04:27:38 PM - Saving install information...
07/20/10 04:27:39 PM - Building install...
07/20/10 04:27:40 PM - Building install executable...
07/20/10 04:27:44 PM - Windows build completed in 00m08s.
07/20/10 04:27:44 PM - Installer size is 8.20 MB.
07/20/10 04:27:44 PM - Build completed in 00m08s.
07/20/10 04:35:53 PM - Configuring build for final release...
07/20/10 04:35:53 PM - Building message catalogs...
07/20/10 04:35:53 PM - Building Windows install...  
07/20/10 04:35:53 PM - Building main.tcl...
07/20/10 04:35:53 PM - Refreshing file groups...
07/20/10 04:35:54 PM - Getting file list...
07/20/10 04:35:55 PM - Building file manifest...
07/20/10 04:35:55 PM - Saving install information...
07/20/10 04:35:56 PM - Building install...
07/20/10 04:35:56 PM - Building install executable...
07/20/10 04:36:00 PM - Windows build completed in 00m07s.
07/20/10 04:36:00 PM - Installer size is 8.20 MB.
07/20/10 04:36:00 PM - Build completed in 00m07s.
08/23/10 03:42:48 PM - Building message catalogs...
08/23/10 03:42:48 PM - Building Windows install...  
08/23/10 03:42:48 PM - Building main.tcl...
08/23/10 03:42:48 PM - Refreshing file groups...
08/23/10 03:42:48 PM - Getting file list...
08/23/10 03:42:49 PM - File 'C:/Documents and Settings/GTD/My Documents/My Dropbox/OSC/PACKAGES/SFX/SFX iPhone/SFX Control for iPhone/Greater Than Control/SFX Control foriPhone v.2/SFX Control Client for iPhone v.21/SFX Control iPhone v.21.touchosc.touchosc' does not exist!
08/23/10 03:42:49 PM - File 'C:/Documents and Settings/GTD/My Documents/My Dropbox/OSC/PACKAGES/SFX/SFX iPhone/SFX Control for iPhone/Greater Than Control/SFX Control foriPhone v.2/SFX Control Client for iPhone v.21/SFX Control iPhone v.21.touchosc.touchosc' does not exist!
08/23/10 03:42:49 PM - Windows build completed with errors
08/23/10 03:42:49 PM - Build completed in 00m01s.
08/23/10 04:18:21 PM - Configuring build for final release...
08/23/10 04:18:21 PM - Building message catalogs...
08/23/10 04:18:21 PM - Building Windows install...  
08/23/10 04:18:21 PM - Building main.tcl...
08/23/10 04:18:21 PM - Refreshing file groups...
08/23/10 04:18:22 PM - Getting file list...
08/23/10 04:18:23 PM - Building file manifest...
08/23/10 04:18:23 PM - Saving install information...
08/23/10 04:18:27 PM - Building install...
08/23/10 04:18:28 PM - Building install executable...
08/23/10 04:18:40 PM - Windows build completed in 00m19s.
08/23/10 04:18:40 PM - Installer size is 10.44 MB.
08/23/10 04:18:40 PM - Build completed in 00m19s.
08/23/10 04:23:10 PM - Configuring build for final release...
08/23/10 04:23:11 PM - Building message catalogs...
08/23/10 04:23:11 PM - Building Windows install...  
08/23/10 04:23:11 PM - Building main.tcl...
08/23/10 04:23:11 PM - Refreshing file groups...
08/23/10 04:23:12 PM - Getting file list...
08/23/10 04:23:13 PM - Building file manifest...
08/23/10 04:23:13 PM - Saving install information...
08/23/10 04:23:15 PM - Building install...
08/23/10 04:23:15 PM - Building install executable...
08/23/10 04:23:21 PM - Windows build completed in 00m10s.
08/23/10 04:23:21 PM - Installer size is 10.44 MB.
08/23/10 04:23:21 PM - Build completed in 00m10s.
08/23/10 04:28:05 PM - Configuring build for final release...
08/23/10 04:28:05 PM - Building message catalogs...
08/23/10 04:28:05 PM - Building Windows install...  
08/23/10 04:28:05 PM - Building main.tcl...
08/23/10 04:28:05 PM - Refreshing file groups...
08/23/10 04:28:06 PM - Getting file list...
08/23/10 04:28:07 PM - File 'C:/GTDControlScripts' does not exist!
08/23/10 04:28:07 PM - Windows build completed with errors
08/23/10 04:28:07 PM - Build completed in 00m02s.
08/23/10 04:30:00 PM - Configuring build for final release...
08/23/10 04:30:00 PM - Building message catalogs...
08/23/10 04:30:00 PM - Building Windows install...  
08/23/10 04:30:00 PM - Building main.tcl...
08/23/10 04:30:00 PM - Refreshing file groups...
08/23/10 04:30:01 PM - Getting file list...
08/23/10 04:30:02 PM - Building file manifest...
08/23/10 04:30:02 PM - Saving install information...
08/23/10 04:30:03 PM - Building install...
08/23/10 04:30:03 PM - Building install executable...
08/23/10 04:30:08 PM - Could not rename temporary build file to final installer.  Installer may be running.
08/23/10 04:30:08 PM - Windows build completed with errors
08/23/10 04:30:08 PM - Build completed in 00m08s.
08/23/10 04:31:37 PM - Configuring build for final release...
08/23/10 04:31:37 PM - Building message catalogs...
08/23/10 04:31:37 PM - Building Windows install...  
08/23/10 04:31:37 PM - Building main.tcl...
08/23/10 04:31:37 PM - Refreshing file groups...
08/23/10 04:31:38 PM - Getting file list...
08/23/10 04:31:39 PM - Building file manifest...
08/23/10 04:31:39 PM - Saving install information...
08/23/10 04:31:41 PM - Building install...
08/23/10 04:31:41 PM - Building install executable...
08/23/10 04:31:45 PM - Windows build completed in 00m08s.
08/23/10 04:31:45 PM - Installer size is 8.88 MB.
08/23/10 04:31:45 PM - Build completed in 00m08s.
08/23/10 04:33:59 PM - Configuring build for final release...
08/23/10 04:33:59 PM - Building message catalogs...
08/23/10 04:33:59 PM - Building Windows install...  
08/23/10 04:33:59 PM - Building main.tcl...
08/23/10 04:33:59 PM - Refreshing file groups...
08/23/10 04:34:00 PM - Getting file list...
08/23/10 04:34:01 PM - Building file manifest...
08/23/10 04:34:01 PM - Saving install information...
08/23/10 04:34:02 PM - Building install...
08/23/10 04:34:03 PM - Building install executable...
08/23/10 04:34:07 PM - Windows build completed in 00m08s.
08/23/10 04:34:07 PM - Installer size is 8.88 MB.
08/23/10 04:34:07 PM - Build completed in 00m08s.
08/23/10 04:37:08 PM - Configuring build for final release...
08/23/10 04:37:08 PM - Building message catalogs...
08/23/10 04:37:08 PM - Building Windows install...  
08/23/10 04:37:08 PM - Building main.tcl...
08/23/10 04:37:08 PM - Refreshing file groups...
08/23/10 04:37:09 PM - Getting file list...
08/23/10 04:37:10 PM - Building file manifest...
08/23/10 04:37:10 PM - Saving install information...
08/23/10 04:37:11 PM - Building install...
08/23/10 04:37:11 PM - Building install executable...
08/23/10 04:37:16 PM - Windows build completed in 00m08s.
08/23/10 04:37:16 PM - Installer size is 8.88 MB.
08/23/10 04:37:16 PM - Build completed in 00m08s.
08/23/10 04:39:05 PM - Configuring build for final release...
08/23/10 04:39:05 PM - Building message catalogs...
08/23/10 04:39:05 PM - Building Windows install...  
08/23/10 04:39:05 PM - Building main.tcl...
08/23/10 04:39:05 PM - Refreshing file groups...
08/23/10 04:39:06 PM - Getting file list...
08/23/10 04:39:07 PM - Building file manifest...
08/23/10 04:39:07 PM - Saving install information...
08/23/10 04:39:09 PM - Building install...
08/23/10 04:39:09 PM - Building install executable...
08/23/10 04:39:14 PM - Windows build completed in 00m09s.
08/23/10 04:39:14 PM - Installer size is 8.88 MB.
08/23/10 04:39:14 PM - Build completed in 00m09s.
08/23/10 04:46:52 PM - Configuring build for final release...
08/23/10 04:46:52 PM - Building message catalogs...
08/23/10 04:46:52 PM - Building Windows install...  
08/23/10 04:46:52 PM - Building main.tcl...
08/23/10 04:46:52 PM - Refreshing file groups...
08/23/10 04:46:53 PM - Getting file list...
08/23/10 04:46:54 PM - Building file manifest...
08/23/10 04:46:54 PM - Saving install information...
08/23/10 04:46:55 PM - Building install...
08/23/10 04:46:56 PM - Building install executable...
08/23/10 04:47:00 PM - Windows build completed in 00m08s.
08/23/10 04:47:00 PM - Installer size is 8.88 MB.
08/23/10 04:47:00 PM - Build completed in 00m08s.
08/23/10 04:53:56 PM - Configuring build for final release...
08/23/10 04:53:56 PM - Building message catalogs...
08/23/10 04:53:56 PM - Building Windows install...  
08/23/10 04:53:56 PM - Building main.tcl...
08/23/10 04:53:56 PM - Refreshing file groups...
08/23/10 04:53:57 PM - Getting file list...
08/23/10 04:53:58 PM - Building file manifest...
08/23/10 04:53:58 PM - Saving install information...
08/23/10 04:53:59 PM - Building install...
08/23/10 04:54:00 PM - Building install executable...
08/23/10 04:54:04 PM - Windows build completed in 00m08s.
08/23/10 04:54:04 PM - Installer size is 8.88 MB.
08/23/10 04:54:04 PM - Build completed in 00m08s.
08/23/10 05:56:51 PM - Configuring build for final release...
08/23/10 05:56:51 PM - Building message catalogs...
08/23/10 05:56:51 PM - Building Windows install...  
08/23/10 05:56:51 PM - Building main.tcl...
08/23/10 05:56:51 PM - Refreshing file groups...
08/23/10 05:56:53 PM - Getting file list...
08/23/10 05:56:54 PM - Building file manifest...
08/23/10 05:56:55 PM - Saving install information...
08/23/10 05:56:59 PM - Building install...
08/23/10 05:57:00 PM - Building install executable...
08/23/10 05:57:06 PM - Windows build completed in 00m15s.
08/23/10 05:57:06 PM - Installer size is 7.57 MB.
08/23/10 05:57:06 PM - Build completed in 00m15s.
08/24/10 09:21:24 AM - Configuring build for final release...
08/24/10 09:21:24 AM - Building message catalogs...
08/24/10 09:21:24 AM - Building Windows install...  
08/24/10 09:21:24 AM - Building main.tcl...
08/24/10 09:21:24 AM - Refreshing file groups...
08/24/10 09:21:26 AM - Getting file list...
08/24/10 09:21:27 AM - Building file manifest...
08/24/10 09:21:27 AM - Saving install information...
08/24/10 09:21:31 AM - Building install...
08/24/10 09:21:32 AM - Building install executable...
08/24/10 09:21:44 AM - Windows build completed in 00m20s.
08/24/10 09:21:44 AM - Installer size is 7.57 MB.
08/24/10 09:21:44 AM - Build completed in 00m20s.
08/24/10 09:25:49 AM - Configuring build for final release...
08/24/10 09:25:49 AM - Building message catalogs...
08/24/10 09:25:50 AM - Building Windows install...  
08/24/10 09:25:50 AM - Building main.tcl...
08/24/10 09:25:50 AM - Refreshing file groups...
08/24/10 09:25:50 AM - Getting file list...
08/24/10 09:25:51 AM - Building file manifest...
08/24/10 09:25:51 AM - Saving install information...
08/24/10 09:25:53 AM - Building install...
08/24/10 09:25:53 AM - Building install executable...
08/24/10 09:25:59 AM - Windows build completed in 00m09s.
08/24/10 09:25:59 AM - Installer size is 7.57 MB.
08/24/10 09:25:59 AM - Build completed in 00m10s.
08/24/10 09:30:53 AM - Configuring build for final release...
08/24/10 09:30:54 AM - Building message catalogs...
08/24/10 09:30:54 AM - Building Windows install...  
08/24/10 09:30:54 AM - Building main.tcl...
08/24/10 09:30:54 AM - Refreshing file groups...
08/24/10 09:30:54 AM - Getting file list...
08/24/10 09:30:55 AM - Building file manifest...
08/24/10 09:30:55 AM - Saving install information...
08/24/10 09:30:57 AM - Building install...
08/24/10 09:30:57 AM - Building install executable...
08/24/10 09:31:01 AM - Windows build completed in 00m07s.
08/24/10 09:31:01 AM - Installer size is 7.57 MB.
08/24/10 09:31:01 AM - Build completed in 00m07s.
08/24/10 09:33:19 AM - Configuring build for final release...
08/24/10 09:33:19 AM - Building message catalogs...
08/24/10 09:33:19 AM - Building Windows install...  
08/24/10 09:33:19 AM - Building main.tcl...
08/24/10 09:33:19 AM - Refreshing file groups...
08/24/10 09:33:20 AM - Getting file list...
08/24/10 09:33:21 AM - Building file manifest...
08/24/10 09:33:21 AM - Saving install information...
08/24/10 09:33:22 AM - Building install...
08/24/10 09:33:22 AM - Building install executable...
08/24/10 09:33:26 AM - Windows build completed in 00m07s.
08/24/10 09:33:26 AM - Installer size is 7.57 MB.
08/24/10 09:33:26 AM - Build completed in 00m07s.
08/24/10 09:36:03 AM - Configuring build for final release...
08/24/10 09:36:05 AM - Building message catalogs...
08/24/10 09:36:05 AM - Building Windows install...  
08/24/10 09:36:05 AM - Building main.tcl...
08/24/10 09:36:05 AM - Refreshing file groups...
08/24/10 09:36:08 AM - Getting file list...
08/24/10 09:36:12 AM - Building file manifest...
08/24/10 09:36:12 AM - Saving install information...
08/24/10 09:36:19 AM - Building install...
08/24/10 09:36:26 AM - Building install executable...
08/24/10 09:36:48 AM - Windows build completed in 00m43s.
08/24/10 09:36:48 AM - Installer size is 7.57 MB.
08/24/10 09:36:48 AM - Build completed in 00m43s.
